[LOG] System::create                           : Header version = 1.10.02. Current version = 1.10.02.
[LOG] SystemI::setOutputInternal               : Setting output to type 0
[LOG] Manager::init                            : maxchannels = 1024 studioflags = 00000009 flags 00000000 extradriverdata 0000000000000000.
[LOG] SystemI::init                            : FMOD Studio Version: 00011002 (92217)
[LOG] SystemI::init                            : maxchannels = 1024, flags = 00030000, extradriverdata = 0000000000000000
[LOG] SystemI::setOutputInternal               : Setting output to type 8
[LOG] SystemI::setOutputInternal               : Setting output to type 8
[LOG] SystemI::setOutputInternal               : Setting output to type 8
[LOG] OutputWASAPI::init                       : Mix Format (WAVEFORMATEX): wFormatTag=0xFFFE, nChannels=2, nSamplesPerSec=48000, nAvgBytesPerSec=384000, nBlockAlign=8, wBitsPerSample=32, cbSize=22.
[LOG] OutputWASAPI::init                       : Mix Format (WAVEFORMATEXTENSIBLE): wValidBitsPerSample=32, dwChannelMask=0x00000003, SubFormat=00000003-0000-0010-8000-00AA00389B71.
[LOG] OutputWASAPI::init                       : Output buffer size: 4096 samples, latency: 0.00ms, period: 10.00ms, DSP buffer: 1024 * 4
[LOG] SystemI::init                            : Create master channel group and master sound group.
[LOG] SystemI::init                            : Set up emulated output.  1024 channels
[LOG] SystemI::init                            : create the channel pool
[LOG] SystemI::init                            : create the stream thread
[LOG] Thread::initThread                       : Init FMOD stream thread. Priority: 2, Stack Size: 65536, Semaphore: No, Sleep Time: 10, Looping: Yes.
[LOG] SystemI::DSPCodecPoolRegister            : register codec pool for pool type 5
[LOG] Thread::initThread                       : Init FMOD mixer thread. Priority: 3, Stack Size: 49152, Semaphore: No, Sleep Time: 0, Looping: Yes.
[LOG] AsyncManager::init                       : manager 00000000132C3808 isAsync 1 updatePeriod 0.02
[LOG] Thread::initThread                       : Init FMOD Studio update thread. Priority: 0, Stack Size: 65536, Semaphore: No, Sleep Time: 1, Looping: No.
[LOG] AsyncManager::init                       : done
[LOG] PlaybackSystem::init                     : 
[LOG] Thread::initThread                       : Init FMOD Studio sample load thread. Priority: 0, Stack Size: 65536, Semaphore: No, Sleep Time: 1, Looping: No.
[LOG] PlaybackSystem::init                     : done
[LOG] LiveUpdate::init                         : 
[LOG] Thread::initThread                       : Init FMOD Studio bank load thread. Priority: 0, Stack Size: 65536, Semaphore: No, Sleep Time: 1, Looping: No.
[LOG] Manager::init                            : done.
[LOG] Profile::init                            : Profiler listening on port: 9264
[LOG] Manager::readBank                        : fileversion = 99, compatVersion = 99 (oldest = 44, newest = 99)
[LOG] Manager::readBank                        : fileversion = 99, compatVersion = 99 (oldest = 44, newest = 99)
[LOG] PlaybackSystem::acquireMasterBus         : Setting master channel group format to 6
[LOG] SystemI::createSound                     : filename = Assets\Audio\AviaryNewsFmod\Build\Desktop/Master Bank.bank : mode 02010082
[LOG] SystemI::createSound                     : FMOD_NONBLOCKING specified.  Putting into queue to be opened asynchronously!
[LOG] Thread::initThread                       : Init FMOD nonblocking thread (0). Priority: 1, Stack Size: 81920, Semaphore: Yes, Sleep Time: 0, Looping: Yes.
[LOG] SystemI::createSound                     : setdata soundi = 00000000424373E8 : node = 00000000131F8670
[LOG] SystemI::createSound                     : add node to async list : head = 000000002203C108.  list count = 0
[LOG] AsyncThread::threadFunc                  : Starting Asynchronous operation on sound 00000000424373E8
[LOG] SystemI::createSoundInternal             :     filename = Assets\Audio\AviaryNewsFmod\Build\Desktop/Master Bank.bank : mode 02010082
[LOG] SystemI::createSoundInternal             :     exinfo->cbsize             = 232
[LOG] SystemI::createSoundInternal             :     exinfo->length             = 828192
[LOG] SystemI::createSoundInternal             :     exinfo->fileoffset         = 29440
[LOG] SystemI::createSoundInternal             :     exinfo->numsubsounds       = 1
[LOG] SystemI::createSoundInternal             :     exinfo->inclusionlist      = 00000000131F8788
[LOG] SystemI::createSoundInternal             :     exinfo->inclusionlistnum   = 1
[LOG] SystemI::createSoundInternal             :     exinfo->suggestedsoundtype = 5
[LOG] SystemI::createSoundInternal             :     exinfo->initialseekpostype = 1
[LOG] SystemI::createSoundInternal             :     Format has 1 subsounds.
[LOG] SystemI::createSoundInternal             :     Create as FMOD_CREATESTREAM
[LOG] System::createSoundInternal              :     decode buffersize = 19200 : blocksize = 256 : format = 2
[LOG] SystemI::createSample                    :     mode 02010082 length 19200 samples, lengthbytes 568000
[LOG] SystemI::createSample                    :     channels = 2
[LOG] SystemI::createSample                    :     output = 000000000F378E78
[LOG] OutputSoftware::createSample             :     lengthpcm 19200, lengthbytes 568000, channels 2, format 2, freq 48000, mode 0201008a
[LOG] System::createSoundInternal              :     1 subsounds detected.
[LOG] System::createSoundInternal              :     Seek stream to start
[LOG] System::createSoundInternal              :     flush stream buffer
[LOG] System::createSoundInternal              :     flush successful.
[LOG] System::createSoundInternal              :     switch file handle from small blocking single buffered to large nonblocking doublebuffered.
[LOG] Thread::initThread                       :         Init FMOD file thread. Priority: 1, Stack Size: 16384, Semaphore: No, Sleep Time: 10, Looping: Yes.
[LOG] SystemI::createSoundInternal             :     done.  OpenState now = FMOD_OPENSTATE_READY.

[LOG] AsyncThread::threadFunc                  : Finished Asynchronous operation on sound 00000000424373E8
[LOG] SoundI::getSubSound                      : sound 00000000424373E8.  Subsound index 0 / 1
[LOG] SystemI::createSoundInternal             : filename =  : mode 02000202
[LOG] SystemI::createSoundInternal             : exinfo->cbsize             = 232
[LOG] SystemI::createSoundInternal             : exinfo->length             = 828192
[LOG] SystemI::createSoundInternal             : exinfo->fileoffset         = 29440
[LOG] SystemI::createSoundInternal             : exinfo->numsubsounds       = 1
[LOG] SystemI::createSoundInternal             : exinfo->inclusionlist      = 000000007F74F5FC
[LOG] SystemI::createSoundInternal             : exinfo->inclusionlistnum   = 1
[LOG] SystemI::createSoundInternal             : exinfo->suggestedsoundtype = 5
[LOG] SystemI::createSoundInternal             : exinfo->useropen           = 00007FFFCBA04F00
[LOG] SystemI::createSoundInternal             : exinfo->userclose          = 00007FFFCBA04ED0
[LOG] SystemI::createSoundInternal             : exinfo->userread           = 00007FFFCBA04FD0
[LOG] SystemI::createSoundInternal             : exinfo->userseek           = 00007FFFCBA05080
[LOG] SystemI::createSoundInternal             : exinfo->fileuserdata       = 000000004C97E4E8
[LOG] SystemI::createSoundInternal             : exinfo->initialseekpostype = 1
[LOG] SystemI::DSPCodecPoolRegister            : register codec pool for pool type 5
[LOG] SystemI::createSoundInternal             : Format has 1 subsounds.
[LOG] SystemI::createSoundInternal             : Create as FMOD_CREATESAMPLE
[LOG] SystemI::createSoundInternal             : Multi-sample sound (1 subsounds), create a sample container.
[LOG] SystemI::createSoundInternal             : creating subsound 0/1
[LOG] SystemI::createSample                    : mode 02000202 length 84069 samples, lengthbytes 21568
[LOG] SystemI::createSample                    : channels = 2
[LOG] SystemI::createSample                    : output = 000000000F378E78
[LOG] OutputSoftware::createSample             : lengthpcm 84069, lengthbytes 21568, channels 2, format 2, freq 48000, mode 0200020a
[LOG] SystemI::createSoundInternal             : No name found in file, use filename.
[LOG] SystemI::createSoundInternal             : done.  OpenState now = FMOD_OPENSTATE_READY.

[LOG] SystemI::createSoundInternal             : filename =  : mode 02000202
[LOG] SystemI::createSoundInternal             : exinfo->cbsize             = 232
[LOG] SystemI::createSoundInternal             : exinfo->length             = 828192
[LOG] SystemI::createSoundInternal             : exinfo->fileoffset         = 29440
[LOG] SystemI::createSoundInternal             : exinfo->numsubsounds       = 1
[LOG] SystemI::createSoundInternal             : exinfo->inclusionlist      = 000000007F74F5FC
[LOG] SystemI::createSoundInternal             : exinfo->inclusionlistnum   = 1
[LOG] SystemI::createSoundInternal             : exinfo->suggestedsoundtype = 5
[LOG] SystemI::createSoundInternal             : exinfo->useropen           = 00007FFFCBA04F00
[LOG] SystemI::createSoundInternal             : exinfo->userclose          = 00007FFFCBA04ED0
[LOG] SystemI::createSoundInternal             : exinfo->userread           = 00007FFFCBA04FD0
[LOG] SystemI::createSoundInternal             : exinfo->userseek           = 00007FFFCBA05080
[LOG] SystemI::createSoundInternal             : exinfo->fileuserdata       = 000000004C97E4E8
[LOG] SystemI::createSoundInternal             : exinfo->initialseekpostype = 1
[LOG] SystemI::DSPCodecPoolRegister            : register codec pool for pool type 5
[LOG] SystemI::createSoundInternal             : Format has 1 subsounds.
[LOG] SystemI::createSoundInternal             : Create as FMOD_CREATESAMPLE
[LOG] SystemI::createSoundInternal             : Multi-sample sound (1 subsounds), create a sample container.
[LOG] SystemI::createSoundInternal             : creating subsound 0/1
[LOG] SystemI::createSample                    : mode 02000202 length 84016 samples, lengthbytes 22976
[LOG] SystemI::createSample                    : channels = 2
[LOG] SystemI::createSample                    : output = 000000000F378E78
[LOG] OutputSoftware::createSample             : lengthpcm 84016, lengthbytes 22976, channels 2, format 2, freq 48000, mode 0200020a
[LOG] SystemI::createSoundInternal             : No name found in file, use filename.
[LOG] SystemI::createSoundInternal             : done.  OpenState now = FMOD_OPENSTATE_READY.

[LOG] SystemI::createSoundInternal             : filename =  : mode 02000202
[LOG] SystemI::createSoundInternal             : exinfo->cbsize             = 232
[LOG] SystemI::createSoundInternal             : exinfo->length             = 828192
[LOG] SystemI::createSoundInternal             : exinfo->fileoffset         = 29440
[LOG] SystemI::createSoundInternal             : exinfo->numsubsounds       = 1
[LOG] SystemI::createSoundInternal             : exinfo->inclusionlist      = 000000007F74F5FC
[LOG] SystemI::createSoundInternal             : exinfo->inclusionlistnum   = 1
[LOG] SystemI::createSoundInternal             : exinfo->suggestedsoundtype = 5
[LOG] SystemI::createSoundInternal             : exinfo->useropen           = 00007FFFCBA04F00
[LOG] SystemI::createSoundInternal             : exinfo->userclose          = 00007FFFCBA04ED0
[LOG] SystemI::createSoundInternal             : exinfo->userread           = 00007FFFCBA04FD0
[LOG] SystemI::createSoundInternal             : exinfo->userseek           = 00007FFFCBA05080
[LOG] SystemI::createSoundInternal             : exinfo->fileuserdata       = 000000004C97E4E8
[LOG] SystemI::createSoundInternal             : exinfo->initialseekpostype = 1
[LOG] SystemI::DSPCodecPoolRegister            : register codec pool for pool type 5
[LOG] SystemI::createSoundInternal             : Format has 1 subsounds.
[LOG] SystemI::createSoundInternal             : Create as FMOD_CREATESAMPLE
[LOG] SystemI::createSoundInternal             : Multi-sample sound (1 subsounds), create a sample container.
[LOG] SystemI::createSoundInternal             : creating subsound 0/1
[LOG] SystemI::createSample                    : mode 02000202 length 84275 samples, lengthbytes 22976
[LOG] SystemI::createSample                    : channels = 2
[LOG] SystemI::createSample                    : output = 000000000F378E78
[LOG] OutputSoftware::createSample             : lengthpcm 84275, lengthbytes 22976, channels 2, format 2, freq 48000, mode 0200020a
[LOG] SystemI::createSoundInternal             : No name found in file, use filename.
[LOG] SystemI::createSoundInternal             : done.  OpenState now = FMOD_OPENSTATE_READY.

[LOG] SystemI::createSoundInternal             : filename =  : mode 02000202
[LOG] SystemI::createSoundInternal             : exinfo->cbsize             = 232
[LOG] SystemI::createSoundInternal             : exinfo->length             = 828192
[LOG] SystemI::createSoundInternal             : exinfo->fileoffset         = 29440
[LOG] SystemI::createSoundInternal             : exinfo->numsubsounds       = 1
[LOG] SystemI::createSoundInternal             : exinfo->inclusionlist      = 000000007F74F5FC
[LOG] SystemI::createSoundInternal             : exinfo->inclusionlistnum   = 1
[LOG] SystemI::createSoundInternal             : exinfo->suggestedsoundtype = 5
[LOG] SystemI::createSoundInternal             : exinfo->useropen           = 00007FFFCBA04F00
[LOG] SystemI::createSoundInternal             : exinfo->userclose          = 00007FFFCBA04ED0
[LOG] SystemI::createSoundInternal             : exinfo->userread           = 00007FFFCBA04FD0
[LOG] SystemI::createSoundInternal             : exinfo->userseek           = 00007FFFCBA05080
[LOG] SystemI::createSoundInternal             : exinfo->fileuserdata       = 000000004C97E4E8
[LOG] SystemI::createSoundInternal             : exinfo->initialseekpostype = 1
[LOG] SystemI::DSPCodecPoolRegister            : register codec pool for pool type 5
[LOG] SystemI::createSoundInternal             : Format has 1 subsounds.
[LOG] SystemI::createSoundInternal             : Create as FMOD_CREATESAMPLE
[LOG] SystemI::createSoundInternal             : Multi-sample sound (1 subsounds), create a sample container.
[LOG] SystemI::createSoundInternal             : creating subsound 0/1
[LOG] SystemI::createSample                    : mode 02000202 length 83813 samples, lengthbytes 21024
[LOG] SystemI::createSample                    : channels = 2
[LOG] SystemI::createSample                    : output = 000000000F378E78
[LOG] OutputSoftware::createSample             : lengthpcm 83813, lengthbytes 21024, channels 2, format 2, freq 48000, mode 0200020a
[LOG] SystemI::createSoundInternal             : No name found in file, use filename.
[LOG] SystemI::createSoundInternal             : done.  OpenState now = FMOD_OPENSTATE_READY.

[LOG] SystemI::createSoundInternal             : filename =  : mode 02000202
[LOG] SystemI::createSoundInternal             : exinfo->cbsize             = 232
[LOG] SystemI::createSoundInternal             : exinfo->length             = 828192
[LOG] SystemI::createSoundInternal             : exinfo->fileoffset         = 29440
[LOG] SystemI::createSoundInternal             : exinfo->numsubsounds       = 1
[LOG] SystemI::createSoundInternal             : exinfo->inclusionlist      = 000000007F74F5FC
[LOG] SystemI::createSoundInternal             : exinfo->inclusionlistnum   = 1
[LOG] SystemI::createSoundInternal             : exinfo->suggestedsoundtype = 5
[LOG] SystemI::createSoundInternal             : exinfo->useropen           = 00007FFFCBA04F00
[LOG] SystemI::createSoundInternal             : exinfo->userclose          = 00007FFFCBA04ED0
[LOG] SystemI::createSoundInternal             : exinfo->userread           = 00007FFFCBA04FD0
[LOG] SystemI::createSoundInternal             : exinfo->userseek           = 00007FFFCBA05080
[LOG] SystemI::createSoundInternal             : exinfo->fileuserdata       = 000000004C97E4E8
[LOG] SystemI::createSoundInternal             : exinfo->initialseekpostype = 1
[LOG] SystemI::DSPCodecPoolRegister            : register codec pool for pool type 5
[LOG] SystemI::createSoundInternal             : Format has 1 subsounds.
[LOG] SystemI::createSoundInternal             : Create as FMOD_CREATESAMPLE
[LOG] SystemI::createSoundInternal             : Multi-sample sound (1 subsounds), create a sample container.
[LOG] SystemI::createSoundInternal             : creating subsound 0/1
[LOG] SystemI::createSample                    : mode 02000202 length 84085 samples, lengthbytes 20480
[LOG] SystemI::createSample                    : channels = 2
[LOG] SystemI::createSample                    : output = 000000000F378E78
[LOG] OutputSoftware::createSample             : lengthpcm 84085, lengthbytes 20480, channels 2, format 2, freq 48000, mode 0200020a
[LOG] SystemI::createSoundInternal             : No name found in file, use filename.
[LOG] SystemI::createSoundInternal             : done.  OpenState now = FMOD_OPENSTATE_READY.

[LOG] SystemI::createSoundInternal             : filename =  : mode 02000202
[LOG] SystemI::createSoundInternal             : exinfo->cbsize             = 232
[LOG] SystemI::createSoundInternal             : exinfo->length             = 828192
[LOG] SystemI::createSoundInternal             : exinfo->fileoffset         = 29440
[LOG] SystemI::createSoundInternal             : exinfo->numsubsounds       = 1
[LOG] SystemI::createSoundInternal             : exinfo->inclusionlist      = 000000007F74F5FC
[LOG] SystemI::createSoundInternal             : exinfo->inclusionlistnum   = 1
[LOG] SystemI::createSoundInternal             : exinfo->suggestedsoundtype = 5
[LOG] SystemI::createSoundInternal             : exinfo->useropen           = 00007FFFCBA04F00
[LOG] SystemI::createSoundInternal             : exinfo->userclose          = 00007FFFCBA04ED0
[LOG] SystemI::createSoundInternal             : exinfo->userread           = 00007FFFCBA04FD0
[LOG] SystemI::createSoundInternal             : exinfo->userseek           = 00007FFFCBA05080
[LOG] SystemI::createSoundInternal             : exinfo->fileuserdata       = 000000004C97E4E8
[LOG] SystemI::createSoundInternal             : exinfo->initialseekpostype = 1
[LOG] SystemI::DSPCodecPoolRegister            : register codec pool for pool type 5
[LOG] SystemI::createSoundInternal             : Format has 1 subsounds.
[LOG] SystemI::createSoundInternal             : Create as FMOD_CREATESAMPLE
[LOG] SystemI::createSoundInternal             : Multi-sample sound (1 subsounds), create a sample container.
[LOG] SystemI::createSoundInternal             : creating subsound 0/1
[LOG] SystemI::createSample                    : mode 02000202 length 83934 samples, lengthbytes 21664
[LOG] SystemI::createSample                    : channels = 2
[LOG] SystemI::createSample                    : output = 000000000F378E78
[LOG] OutputSoftware::createSample             : lengthpcm 83934, lengthbytes 21664, channels 2, format 2, freq 48000, mode 0200020a
[LOG] SystemI::createSoundInternal             : No name found in file, use filename.
[LOG] SystemI::createSoundInternal             : done.  OpenState now = FMOD_OPENSTATE_READY.

[LOG] SystemI::createSoundInternal             : filename =  : mode 02000202
[LOG] SystemI::createSoundInternal             : exinfo->cbsize             = 232
[LOG] SystemI::createSoundInternal             : exinfo->length             = 828192
[LOG] SystemI::createSoundInternal             : exinfo->fileoffset         = 29440
[LOG] SystemI::createSoundInternal             : exinfo->numsubsounds       = 1
[LOG] SystemI::createSoundInternal             : exinfo->inclusionlist      = 000000007F74F5FC
[LOG] SystemI::createSoundInternal             : exinfo->inclusionlistnum   = 1
[LOG] SystemI::createSoundInternal             : exinfo->suggestedsoundtype = 5
[LOG] SystemI::createSoundInternal             : exinfo->useropen           = 00007FFFCBA04F00
[LOG] SystemI::createSoundInternal             : exinfo->userclose          = 00007FFFCBA04ED0
[LOG] SystemI::createSoundInternal             : exinfo->userread           = 00007FFFCBA04FD0
[LOG] SystemI::createSoundInternal             : exinfo->userseek           = 00007FFFCBA05080
[LOG] SystemI::createSoundInternal             : exinfo->fileuserdata       = 000000004C97E4E8
[LOG] SystemI::createSoundInternal             : exinfo->initialseekpostype = 1
[LOG] SystemI::DSPCodecPoolRegister            : register codec pool for pool type 5
[LOG] SystemI::createSoundInternal             : Format has 1 subsounds.
[LOG] SystemI::createSoundInternal             : Create as FMOD_CREATESAMPLE
[LOG] SystemI::createSoundInternal             : Multi-sample sound (1 subsounds), create a sample container.
[LOG] SystemI::createSoundInternal             : creating subsound 0/1
[LOG] SystemI::createSample                    : mode 02000202 length 84378 samples, lengthbytes 22752
[LOG] SystemI::createSample                    : channels = 2
[LOG] SystemI::createSample                    : output = 000000000F378E78
[LOG] OutputSoftware::createSample             : lengthpcm 84378, lengthbytes 22752, channels 2, format 2, freq 48000, mode 0200020a
[LOG] SystemI::createSoundInternal             : No name found in file, use filename.
[LOG] SystemI::createSoundInternal             : done.  OpenState now = FMOD_OPENSTATE_READY.

[LOG] SystemI::createSoundInternal             : filename =  : mode 02000202
[LOG] SystemI::createSoundInternal             : exinfo->cbsize             = 232
[LOG] SystemI::createSoundInternal             : exinfo->length             = 828192
[LOG] SystemI::createSoundInternal             : exinfo->fileoffset         = 29440
[LOG] SystemI::createSoundInternal             : exinfo->numsubsounds       = 1
[LOG] SystemI::createSoundInternal             : exinfo->inclusionlist      = 000000007F74F5FC
[LOG] SystemI::createSoundInternal             : exinfo->inclusionlistnum   = 1
[LOG] SystemI::createSoundInternal             : exinfo->suggestedsoundtype = 5
[LOG] SystemI::createSoundInternal             : exinfo->useropen           = 00007FFFCBA04F00
[LOG] SystemI::createSoundInternal             : exinfo->userclose          = 00007FFFCBA04ED0
[LOG] SystemI::createSoundInternal             : exinfo->userread           = 00007FFFCBA04FD0
[LOG] SystemI::createSoundInternal             : exinfo->userseek           = 00007FFFCBA05080
[LOG] SystemI::createSoundInternal             : exinfo->fileuserdata       = 000000004C97E4E8
[LOG] SystemI::createSoundInternal             : exinfo->initialseekpostype = 1
[LOG] SystemI::DSPCodecPoolRegister            : register codec pool for pool type 5
[LOG] SystemI::createSoundInternal             : Format has 1 subsounds.
[LOG] SystemI::createSoundInternal             : Create as FMOD_CREATESAMPLE
[LOG] SystemI::createSoundInternal             : Multi-sample sound (1 subsounds), create a sample container.
[LOG] SystemI::createSoundInternal             : creating subsound 0/1
[LOG] SystemI::createSample                    : mode 02000202 length 78294 samples, lengthbytes 19968
[LOG] SystemI::createSample                    : channels = 2
[LOG] SystemI::createSample                    : output = 000000000F378E78
[LOG] OutputSoftware::createSample             : lengthpcm 78294, lengthbytes 19968, channels 2, format 2, freq 48000, mode 0200020a
[LOG] SystemI::createSoundInternal             : No name found in file, use filename.
[LOG] SystemI::createSoundInternal             : done.  OpenState now = FMOD_OPENSTATE_READY.

[LOG] SystemI::createSoundInternal             : filename =  : mode 02000202
[LOG] SystemI::createSoundInternal             : exinfo->cbsize             = 232
[LOG] SystemI::createSoundInternal             : exinfo->length             = 828192
[LOG] SystemI::createSoundInternal             : exinfo->fileoffset         = 29440
[LOG] SystemI::createSoundInternal             : exinfo->numsubsounds       = 1
[LOG] SystemI::createSoundInternal             : exinfo->inclusionlist      = 000000007F74F5FC
[LOG] SystemI::createSoundInternal             : exinfo->inclusionlistnum   = 1
[LOG] SystemI::createSoundInternal             : exinfo->suggestedsoundtype = 5
[LOG] SystemI::createSoundInternal             : exinfo->useropen           = 00007FFFCBA04F00
[LOG] SystemI::createSoundInternal             : exinfo->userclose          = 00007FFFCBA04ED0
[LOG] SystemI::createSoundInternal             : exinfo->userread           = 00007FFFCBA04FD0
[LOG] SystemI::createSoundInternal             : exinfo->userseek           = 00007FFFCBA05080
[LOG] SystemI::createSoundInternal             : exinfo->fileuserdata       = 000000004C97E4E8
[LOG] SystemI::createSoundInternal             : exinfo->initialseekpostype = 1
[LOG] SystemI::DSPCodecPoolRegister            : register codec pool for pool type 5
[LOG] SystemI::createSoundInternal             : Format has 1 subsounds.
[LOG] SystemI::createSoundInternal             : Create as FMOD_CREATESAMPLE
[LOG] SystemI::createSoundInternal             : Multi-sample sound (1 subsounds), create a sample container.
[LOG] SystemI::createSoundInternal             : creating subsound 0/1
[LOG] SystemI::createSample                    : mode 02000202 length 83782 samples, lengthbytes 21088
[LOG] SystemI::createSample                    : channels = 2
[LOG] SystemI::createSample                    : output = 000000000F378E78
[LOG] OutputSoftware::createSample             : lengthpcm 83782, lengthbytes 21088, channels 2, format 2, freq 48000, mode 0200020a
[LOG] SystemI::createSoundInternal             : No name found in file, use filename.
[LOG] SystemI::createSoundInternal             : done.  OpenState now = FMOD_OPENSTATE_READY.

[LOG] SystemI::createSoundInternal             : filename =  : mode 02000202
[LOG] SystemI::createSoundInternal             : exinfo->cbsize             = 232
[LOG] SystemI::createSoundInternal             : exinfo->length             = 828192
[LOG] SystemI::createSoundInternal             : exinfo->fileoffset         = 29440
[LOG] SystemI::createSoundInternal             : exinfo->numsubsounds       = 1
[LOG] SystemI::createSoundInternal             : exinfo->inclusionlist      = 000000007F74F5FC
[LOG] SystemI::createSoundInternal             : exinfo->inclusionlistnum   = 1
[LOG] SystemI::createSoundInternal             : exinfo->suggestedsoundtype = 5
[LOG] SystemI::createSoundInternal             : exinfo->useropen           = 00007FFFCBA04F00
[LOG] SystemI::createSoundInternal             : exinfo->userclose          = 00007FFFCBA04ED0
[LOG] SystemI::createSoundInternal             : exinfo->userread           = 00007FFFCBA04FD0
[LOG] SystemI::createSoundInternal             : exinfo->userseek           = 00007FFFCBA05080
[LOG] SystemI::createSoundInternal             : exinfo->fileuserdata       = 000000004C97E4E8
[LOG] SystemI::createSoundInternal             : exinfo->initialseekpostype = 1
[LOG] SystemI::DSPCodecPoolRegister            : register codec pool for pool type 5
[LOG] SystemI::createSoundInternal             : Format has 1 subsounds.
[LOG] SystemI::createSoundInternal             : Create as FMOD_CREATESAMPLE
[LOG] SystemI::createSoundInternal             : Multi-sample sound (1 subsounds), create a sample container.
[LOG] SystemI::createSoundInternal             : creating subsound 0/1
[LOG] SystemI::createSample                    : mode 02000202 length 83838 samples, lengthbytes 21376
[LOG] SystemI::createSample                    : channels = 2
[LOG] SystemI::createSample                    : output = 000000000F378E78
[LOG] OutputSoftware::createSample             : lengthpcm 83838, lengthbytes 21376, channels 2, format 2, freq 48000, mode 0200020a
[LOG] SystemI::createSoundInternal             : No name found in file, use filename.
[LOG] SystemI::createSoundInternal             : done.  OpenState now = FMOD_OPENSTATE_READY.

[LOG] SystemI::createSoundInternal             : filename =  : mode 02000202
[LOG] SystemI::createSoundInternal             : exinfo->cbsize             = 232
[LOG] SystemI::createSoundInternal             : exinfo->length             = 828192
[LOG] SystemI::createSoundInternal             : exinfo->fileoffset         = 29440
[LOG] SystemI::createSoundInternal             : exinfo->numsubsounds       = 1
[LOG] SystemI::createSoundInternal             : exinfo->inclusionlist      = 000000007F74F5FC
[LOG] SystemI::createSoundInternal             : exinfo->inclusionlistnum   = 1
[LOG] SystemI::createSoundInternal             : exinfo->suggestedsoundtype = 5
[LOG] SystemI::createSoundInternal             : exinfo->useropen           = 00007FFFCBA04F00
[LOG] SystemI::createSoundInternal             : exinfo->userclose          = 00007FFFCBA04ED0
[LOG] SystemI::createSoundInternal             : exinfo->userread           = 00007FFFCBA04FD0
[LOG] SystemI::createSoundInternal             : exinfo->userseek           = 00007FFFCBA05080
[LOG] SystemI::createSoundInternal             : exinfo->fileuserdata       = 000000004C97E4E8
[LOG] SystemI::createSoundInternal             : exinfo->initialseekpostype = 1
[LOG] SystemI::DSPCodecPoolRegister            : register codec pool for pool type 5
[LOG] SystemI::createSoundInternal             : Format has 1 subsounds.
[LOG] SystemI::createSoundInternal             : Create as FMOD_CREATESAMPLE
[LOG] SystemI::createSoundInternal             : Multi-sample sound (1 subsounds), create a sample container.
[LOG] SystemI::createSoundInternal             : creating subsound 0/1
[LOG] SystemI::createSample                    : mode 02000202 length 84852 samples, lengthbytes 20768
[LOG] SystemI::createSample                    : channels = 2
[LOG] SystemI::createSample                    : output = 000000000F378E78
[LOG] OutputSoftware::createSample             : lengthpcm 84852, lengthbytes 20768, channels 2, format 2, freq 48000, mode 0200020a
[LOG] SystemI::createSoundInternal             : No name found in file, use filename.
[LOG] SystemI::createSoundInternal             : done.  OpenState now = FMOD_OPENSTATE_READY.

[LOG] SystemI::createSoundInternal             : filename =  : mode 02000202
[LOG] SystemI::createSoundInternal             : exinfo->cbsize             = 232
[LOG] SystemI::createSoundInternal             : exinfo->length             = 828192
[LOG] SystemI::createSoundInternal             : exinfo->fileoffset         = 29440
[LOG] SystemI::createSoundInternal             : exinfo->numsubsounds       = 1
[LOG] SystemI::createSoundInternal             : exinfo->inclusionlist      = 000000007F74F5FC
[LOG] SystemI::createSoundInternal             : exinfo->inclusionlistnum   = 1
[LOG] SystemI::createSoundInternal             : exinfo->suggestedsoundtype = 5
[LOG] SystemI::createSoundInternal             : exinfo->useropen           = 00007FFFCBA04F00
[LOG] SystemI::createSoundInternal             : exinfo->userclose          = 00007FFFCBA04ED0
[LOG] SystemI::createSoundInternal             : exinfo->userread           = 00007FFFCBA04FD0
[LOG] SystemI::createSoundInternal             : exinfo->userseek           = 00007FFFCBA05080
[LOG] SystemI::createSoundInternal             : exinfo->fileuserdata       = 000000004C97E4E8
[LOG] SystemI::createSoundInternal             : exinfo->initialseekpostype = 1
[LOG] SystemI::DSPCodecPoolRegister            : register codec pool for pool type 5
[LOG] SystemI::createSoundInternal             : Format has 1 subsounds.
[LOG] SystemI::createSoundInternal             : Create as FMOD_CREATESAMPLE
[LOG] SystemI::createSoundInternal             : Multi-sample sound (1 subsounds), create a sample container.
[LOG] SystemI::createSoundInternal             : creating subsound 0/1
[LOG] SystemI::createSample                    : mode 02000202 length 83909 samples, lengthbytes 22432
[LOG] SystemI::createSample                    : channels = 2
[LOG] SystemI::createSample                    : output = 000000000F378E78
[LOG] OutputSoftware::createSample             : lengthpcm 83909, lengthbytes 22432, channels 2, format 2, freq 48000, mode 0200020a
[LOG] SystemI::createSoundInternal             : No name found in file, use filename.
[LOG] SystemI::createSoundInternal             : done.  OpenState now = FMOD_OPENSTATE_READY.

[LOG] SoundI::release                          : Aviary News Intro (00000000424373E8)
[LOG] SoundI::release                          : remove stream samples. (00000000424373E8)
[LOG] SoundI::release                          :     Aviary News Intro (000000002203A758)
[LOG] SoundI::release                          :     done
[LOG] SoundI::release                          : release subsounds. (00000000424373E8)
[LOG] SoundI::release                          :     Aviary News Intro (0000000042437AA8)
[LOG] SoundI::release                          :     done
[LOG] SoundI::release                          : release codec. (00000000424373E8)
[LOG] SoundI::release                          : done
[LOG] SoundI::release                          :  (00000000425E08E8)
[LOG] SoundI::release                          : release subsounds. (00000000425E08E8)
[LOG] SoundI::release                          :     Opposition 2 (000000002203BAD8)
[LOG] SoundI::release                          :     done
[LOG] SoundI::release                          : release codec. (00000000425E08E8)
[LOG] SoundI::release                          : done
[LOG] SoundI::release                          :  (00000000425E0EA8)
[LOG] SoundI::release                          : release subsounds. (00000000425E0EA8)
[LOG] SoundI::release                          :     Radio News 3 (000000004C30AA18)
[LOG] SoundI::release                          :     done
[LOG] SoundI::release                          : release codec. (00000000425E0EA8)
[LOG] SoundI::release                          : done
[LOG] SoundI::release                          :  (00000000425E1FE8)
[LOG] SoundI::release                          : release subsounds. (00000000425E1FE8)
[LOG] SoundI::release                          :     Officialism 3 (000000002203A418)
[LOG] SoundI::release                          :     done
[LOG] SoundI::release                          : release codec. (00000000425E1FE8)
[LOG] SoundI::release                          : done
[LOG] SoundI::release                          :  (00000000425E2718)
[LOG] SoundI::release                          : release subsounds. (00000000425E2718)
[LOG] SoundI::release                          :     Radio News 4 (000000002203A278)
[LOG] SoundI::release                          :     done
[LOG] SoundI::release                          : release codec. (00000000425E2718)
[LOG] SoundI::release                          : done
[LOG] SoundI::release                          :  (00000000425E0BC8)
[LOG] SoundI::release                          : release subsounds. (00000000425E0BC8)
[LOG] SoundI::release                          :     Officialism 4 (000000002214FA48)
[LOG] SoundI::release                          :     done
[LOG] SoundI::release                          : release codec. (00000000425E0BC8)
[LOG] SoundI::release                          : done
[LOG] SoundI::release                          :  (00000000425E2158)
[LOG] SoundI::release                          : release subsounds. (00000000425E2158)
[LOG] SoundI::release                          :     Radio News 1 (000000004C30A878)
[LOG] SoundI::release                          :     done
[LOG] SoundI::release                          : release codec. (00000000425E2158)
[LOG] SoundI::release                          : done
[LOG] SoundI::release                          :  (00000000425E15D8)
[LOG] SoundI::release                          : release subsounds. (00000000425E15D8)
[LOG] SoundI::release                          :     Officialism 1 (000000002203BE18)
[LOG] SoundI::release                          :     done
[LOG] SoundI::release                          : release codec. (00000000425E15D8)
[LOG] SoundI::release                          : done
[LOG] SoundI::release                          :  (00000000425E1D08)
[LOG] SoundI::release                          : release subsounds. (00000000425E1D08)
[LOG] SoundI::release                          :     Officialism 2 (000000002214FBE8)
[LOG] SoundI::release                          :     done
[LOG] SoundI::release                          : release codec. (00000000425E1D08)
[LOG] SoundI::release                          : done
[LOG] SoundI::release                          :  (00000000425E0A58)
[LOG] SoundI::release                          : release subsounds. (00000000425E0A58)
[LOG] SoundI::release                          :     Opposition 4 (0000000022150DC8)
[LOG] SoundI::release                          :     done
[LOG] SoundI::release                          : release codec. (00000000425E0A58)
[LOG] SoundI::release                          : done
[LOG] SoundI::release                          :  (00000000425E18B8)
[LOG] SoundI::release                          : release subsounds. (00000000425E18B8)
[LOG] SoundI::release                          :     Opposition 1 (0000000022150748)
[LOG] SoundI::release                          :     done
[LOG] SoundI::release                          : release codec. (00000000425E18B8)
[LOG] SoundI::release                          : done
[LOG] SoundI::release                          :  (00000000425E1B98)
[LOG] SoundI::release                          : release subsounds. (00000000425E1B98)
[LOG] SoundI::release                          :     Opposition 3 (000000002203B458)
[LOG] SoundI::release                          :     done
[LOG] SoundI::release                          : release codec. (00000000425E1B98)
[LOG] SoundI::release                          : done
[LOG] SoundI::release                          :  (00000000425E25A8)
[LOG] SoundI::release                          : release subsounds. (00000000425E25A8)
[LOG] SoundI::release                          :     Radio News 2 (000000002203B2B8)
[LOG] SoundI::release                          :     done
[LOG] SoundI::release                          : release codec. (00000000425E25A8)
[LOG] SoundI::release                          : done
[LOG] Thread::callback                         : FMOD Studio update thread finished.
[LOG] Thread::callback                         : FMOD Studio bank load thread finished.
[LOG] Profile::disconnectAll                   : Profiler disconnecting all clients
[LOG] Thread::callback                         : FMOD Studio sample load thread finished.
[LOG] LiveUpdate::release                      : 
[LOG] LiveUpdate::reset                        : Reset connection (reason Disconnected)
[LOG] SystemI::close                           : 
[LOG] SystemI::close                           : Stop all sounds
[LOG] Thread::callback                         : FMOD stream thread finished.
[LOG] SystemI::close                           : Stream thread destroyed
[LOG] Thread::callback                         : FMOD mixer thread finished.
[LOG] Profile::disconnectAll                   : Profiler disconnecting all clients
[LOG] SystemI::close                           : Free master channel group.
[LOG] SystemI::close                           : Remove 'master' sound group.
[LOG] SystemI::close                           : Free software output.
[LOG] SystemI::close                           : Free emulated output.
[LOG] SystemI::close                           : Free channel pool.
[LOG] Thread::callback                         : FMOD nonblocking thread (0) finished.
[LOG] Thread::callback                         : FMOD file thread finished.
[LOG] SystemI::close                           : done.

